Using pre-set license
Built from '2021.1/staging' branch; Version is '2021.1.22f1 (a137e5fb0427) revision 10565605'; Using compiler version '192528614'; Build Type 'Release'
OS: 'Windows 10 Pro; OS build 19043.1415; Version 2009; 64bit' Language: 'en' Physical Memory: 8125 MB
BatchMode: 1, IsHumanControllingUs: 0, StartBugReporterOnCrash: 0, Is64bit: 1, IsPro: 0

COMMAND LINE ARGUMENTS:
C:\Program Files\Unity\Hub\Editor\2021.1.22f1\Editor\Unity.exe
-adb2
-batchMode
-noUpm
-name
AssetImportWorker1
-projectPath
C:/Users/Matt/Documents/GitHub/CT6018/Tower Defence
-logFile
Logs/AssetImportWorker1.log
-srvPort
54446
Successfully changed project path to: C:/Users/Matt/Documents/GitHub/CT6018/Tower Defence
C:/Users/Matt/Documents/GitHub/CT6018/Tower Defence
Using Asset Import Pipeline V2.
Refreshing native plugins compatible for Editor in 79.62 ms, found 3 plugins.
Preloading 0 native plugins for Editor in 0.00 ms.
Initialize engine version: 2021.1.22f1 (a137e5fb0427)
[Subsystems] Discovering subsystems at path C:/Program Files/Unity/Hub/Editor/2021.1.22f1/Editor/Data/Resources/UnitySubsystems
[Subsystems] Discovering subsystems at path C:/Users/Matt/Documents/GitHub/CT6018/Tower Defence/Assets
GfxDevice: creating device client; threaded=0; jobified=0
Direct3D:
    Version:  Direct3D 11.0 [level 11.1]
    Renderer: NVIDIA GeForce GTX 1050 (ID=0x1c81)
    Vendor:   NVIDIA
    VRAM:     1977 MB
    Driver:   27.21.14.5671
Initialize mono
Mono path[0] = 'C:/Program Files/Unity/Hub/Editor/2021.1.22f1/Editor/Data/Managed'
Mono path[1] = 'C:/Program Files/Unity/Hub/Editor/2021.1.22f1/Editor/Data/MonoBleedingEdge/lib/mono/unityjit'
Mono config path = 'C:/Program Files/Unity/Hub/Editor/2021.1.22f1/Editor/Data/MonoBleedingEdge/etc'
Using monoOptions --debugger-agent=transport=dt_socket,embedding=1,server=y,suspend=n,address=127.0.0.1:56120
Begin MonoManager ReloadAssembly
Registering precompiled unity dll's ...
Register platform support module: C:/Program Files/Unity/Hub/Editor/2021.1.22f1/Editor/Data/PlaybackEngines/WindowsStandaloneSupport/UnityEditor.WindowsStandalone.Extensions.dll
Registered in 0.002025 seconds.
Native extension for WindowsStandalone target not found
Refreshing native plugins compatible for Editor in 74.24 ms, found 3 plugins.
Preloading 0 native plugins for Editor in 0.00 ms.
Mono: successfully reloaded assembly
- Completed reload, in  2.201 seconds
Domain Reload Profiling:
	ReloadAssembly (2201ms)
		BeginReloadAssembly (70ms)
			ExecutionOrderSort (0ms)
			DisableScriptedObjects (0ms)
			BackupInstance (0ms)
			ReleaseScriptingObjects (0ms)
			CreateAndSetChildDomain (1ms)
		EndReloadAssembly (463ms)
			LoadAssemblies (66ms)
			RebuildTransferFunctionScriptingTraits (0ms)
			SetupTypeCache (159ms)
			ReleaseScriptCaches (0ms)
			RebuildScriptCaches (34ms)
			SetupLoadedEditorAssemblies (221ms)
				LogAssemblyErrors (0ms)
				InitializePlatformSupportModulesInManaged (7ms)
				SetLoadedEditorAssemblies (0ms)
				RefreshPlugins (74ms)
				BeforeProcessingInitializeOnLoad (1ms)
				ProcessInitializeOnLoadAttributes (107ms)
				ProcessInitializeOnLoadMethodAttributes (31ms)
				AfterProcessingInitializeOnLoad (0ms)
				EditorAssembliesLoaded (0ms)
			ExecutionOrderSort2 (0ms)
			AwakeInstancesAfterBackupRestoration (0ms)
Platform modules already initialized, skipping
Registering precompiled user dll's ...
Registered in 0.005279 seconds.
Begin MonoManager ReloadAssembly
Symbol file LoadedFromMemory doesn't match image C:\Users\Matt\Documents\GitHub\CT6018\Tower Defence\Library\PackageCache\com.unity.visualscripting@1.6.1\Editor\VisualScripting.Core\Dependencies\YamlDotNet\Unity.VisualScripting.YamlDotNet.dll
Symbol file LoadedFromMemory doesn't match image C:\Users\Matt\Documents\GitHub\CT6018\Tower Defence\Library\PackageCache\com.unity.visualscripting@1.6.1\Editor\VisualScripting.Core\Dependencies\DotNetZip\Unity.VisualScripting.IonicZip.dll
Native extension for WindowsStandalone target not found
Refreshing native plugins compatible for Editor in 0.70 ms, found 3 plugins.
Preloading 0 native plugins for Editor in 0.00 ms.
Mono: successfully reloaded assembly
- Completed reload, in  1.264 seconds
Domain Reload Profiling:
	ReloadAssembly (1265ms)
		BeginReloadAssembly (158ms)
			ExecutionOrderSort (0ms)
			DisableScriptedObjects (5ms)
			BackupInstance (0ms)
			ReleaseScriptingObjects (0ms)
			CreateAndSetChildDomain (20ms)
		EndReloadAssembly (1048ms)
			LoadAssemblies (97ms)
			RebuildTransferFunctionScriptingTraits (0ms)
			SetupTypeCache (335ms)
			ReleaseScriptCaches (1ms)
			RebuildScriptCaches (55ms)
			SetupLoadedEditorAssemblies (470ms)
				LogAssemblyErrors (0ms)
				InitializePlatformSupportModulesInManaged (5ms)
				SetLoadedEditorAssemblies (0ms)
				RefreshPlugins (1ms)
				BeforeProcessingInitializeOnLoad (72ms)
				ProcessInitializeOnLoadAttributes (378ms)
				ProcessInitializeOnLoadMethodAttributes (6ms)
				AfterProcessingInitializeOnLoad (7ms)
				EditorAssembliesLoaded (0ms)
			ExecutionOrderSort2 (0ms)
			AwakeInstancesAfterBackupRestoration (7ms)
Platform modules already initialized, skipping
========================================================================
Worker process is ready to serve import requests
Launched and connected shader compiler UnityShaderCompiler.exe after 0.13 seconds
Refreshing native plugins compatible for Editor in 0.56 ms, found 3 plugins.
Preloading 0 native plugins for Editor in 0.00 ms.
Unloading 2967 Unused Serialized files (Serialized files now loaded: 0)
System memory in use before: 106.7 MB.
System memory in use after: 106.9 MB.

Unloading 20 unused Assets to reduce memory usage. Loaded Objects now: 3415.
Total: 3.491800 ms (FindLiveObjects: 0.282300 ms CreateObjectMapping: 0.149500 ms MarkObjects: 2.982300 ms  DeleteObjects: 0.076400 ms)

AssetImportParameters requested are different than current active one (requested -> active):
  custom:framework-win-MediaFoundation: 216162199b28c13a410421893ffa2e32 -> 
  custom:video-decoder-ogg-theora: a1e56fd34408186e4bbccfd4996cb3dc -> 
  custom:container-muxer-webm: aa71ff27fc2769a1b78a27578f13a17b -> 
  custom:container-demuxer-webm: 4f35f7cbe854078d1ac9338744f61a02 -> 
  custom:container-demuxer-ogg: 62fdf1f143b41e24485cea50d1cbac27 -> 
  custom:video-encoder-webm-vp8: eb34c28f22e8b96e1ab97ce403110664 -> 
  custom:video-decoder-webm-vp8: 9c59270c3fd7afecdb556c50c9e8de78 -> 
  custom:audio-decoder-ogg-vorbis: bf7c407c2cedff20999df2af8eb42d56 -> 
  custom:audio-encoder-webm-vorbis: bf7c407c2cedff20999df2af8eb42d56 -> 
========================================================================
Received Import Request.
  path: ProjectSettings/TagManager.asset
  artifactKey: Guid(00000000000000003000000000000000) Importer(815301076,1909f56bfc062723c751e8b465ee728b)
Start importing ProjectSettings/TagManager.asset using Guid(00000000000000003000000000000000) Importer(815301076,1909f56bfc062723c751e8b465ee728b)  -> (artifact id: '7f905216c6d194ce38d970f31af58e1f') in 0.046786 seconds 
========================================================================
Received Import Request.
  Time since last request: 141.254956 seconds.
  path: Assets/Prefabs/Rocket Variant.prefab
  artifactKey: Guid(d7bada9bc21935449a01b2900c59fca8) Importer(815301076,1909f56bfc062723c751e8b465ee728b)
Start importing Assets/Prefabs/Rocket Variant.prefab using Guid(d7bada9bc21935449a01b2900c59fca8) Importer(815301076,1909f56bfc062723c751e8b465ee728b)  -> (artifact id: '5fbf464e48e4f60c8ab386e7b46c473f') in 0.090278 seconds 
========================================================================
Received Import Request.
  Time since last request: 12.550511 seconds.
  path: Assets/Prefabs/Rocket.prefab
  artifactKey: Guid(d7bada9bc21935449a01b2900c59fca8) Importer(815301076,1909f56bfc062723c751e8b465ee728b)
Start importing Assets/Prefabs/Rocket.prefab using Guid(d7bada9bc21935449a01b2900c59fca8) Importer(815301076,1909f56bfc062723c751e8b465ee728b)  -> (artifact id: '29065c526a92f105f11fe1584369605f') in 0.017515 seconds 
========================================================================
Received Import Request.
  Time since last request: 464.165030 seconds.
  path: Assets/Prefabs/RocketLAuncher.prefab
  artifactKey: Guid(84e652faa3b24a247bd039b17b83a7b5) Importer(815301076,1909f56bfc062723c751e8b465ee728b)
Start importing Assets/Prefabs/RocketLAuncher.prefab using Guid(84e652faa3b24a247bd039b17b83a7b5) Importer(815301076,1909f56bfc062723c751e8b465ee728b)  -> (artifact id: '603c1428638b1f8182ac396532dcfe88') in 0.016120 seconds 
========================================================================
Received Import Request.
  Time since last request: 7.392081 seconds.
  path: Assets/Prefabs/RocketLAuncher.prefab
  artifactKey: Guid(84e652faa3b24a247bd039b17b83a7b5) Importer(815301076,1909f56bfc062723c751e8b465ee728b)
Start importing Assets/Prefabs/RocketLAuncher.prefab using Guid(84e652faa3b24a247bd039b17b83a7b5) Importer(815301076,1909f56bfc062723c751e8b465ee728b)  -> (artifact id: '2c8f498add98a14a1a14ef30df77929b') in 0.032704 seconds 
========================================================================
Received Import Request.
  Time since last request: 1043.136143 seconds.
  path: Assets/Prefabs/Materials/New Material 7.mat
  artifactKey: Guid(2875f610344612d4db564256a274ee73) Importer(815301076,1909f56bfc062723c751e8b465ee728b)
Start importing Assets/Prefabs/Materials/New Material 7.mat using Guid(2875f610344612d4db564256a274ee73) Importer(815301076,1909f56bfc062723c751e8b465ee728b)  -> (artifact id: '895baa6e5db2ce5bddc726118ef504c8') in 0.045282 seconds 
========================================================================
Received Import Request.
  Time since last request: 80.732427 seconds.
  path: Assets/Hovl Studio/Procedural fire/Materials/Trail67.mat
  artifactKey: Guid(3632881d102df0f47864d899fa15a49d) Importer(815301076,1909f56bfc062723c751e8b465ee728b)
Start importing Assets/Hovl Studio/Procedural fire/Materials/Trail67.mat using Guid(3632881d102df0f47864d899fa15a49d) Importer(815301076,1909f56bfc062723c751e8b465ee728b)  -> (artifact id: 'ed6930da90701e644343c6c5b2dabf89') in 0.032100 seconds 
========================================================================
Received Import Request.
  Time since last request: 24.664204 seconds.
  path: Assets/Prefabs/Rocket.prefab
  artifactKey: Guid(d7bada9bc21935449a01b2900c59fca8) Importer(815301076,1909f56bfc062723c751e8b465ee728b)
Start importing Assets/Prefabs/Rocket.prefab using Guid(d7bada9bc21935449a01b2900c59fca8) Importer(815301076,1909f56bfc062723c751e8b465ee728b)  -> (artifact id: '8bff258a132e5d069aee84290c024145') in 0.058186 seconds 
========================================================================
Received Prepare
Registering precompiled user dll's ...
Registered in 0.005217 seconds.
Begin MonoManager ReloadAssembly
Symbol file LoadedFromMemory doesn't match image C:\Users\Matt\Documents\GitHub\CT6018\Tower Defence\Library\PackageCache\com.unity.visualscripting@1.6.1\Editor\VisualScripting.Core\Dependencies\YamlDotNet\Unity.VisualScripting.YamlDotNet.dll
Symbol file LoadedFromMemory doesn't match image C:\Users\Matt\Documents\GitHub\CT6018\Tower Defence\Library\PackageCache\com.unity.visualscripting@1.6.1\Editor\VisualScripting.Core\Dependencies\DotNetZip\Unity.VisualScripting.IonicZip.dll
Native extension for WindowsStandalone target not found
Refreshing native plugins compatible for Editor in 0.62 ms, found 3 plugins.
Preloading 0 native plugins for Editor in 0.00 ms.
Mono: successfully reloaded assembly
- Completed reload, in  1.297 seconds
Domain Reload Profiling:
	ReloadAssembly (1297ms)
		BeginReloadAssembly (146ms)
			ExecutionOrderSort (0ms)
			DisableScriptedObjects (4ms)
			BackupInstance (0ms)
			ReleaseScriptingObjects (0ms)
			CreateAndSetChildDomain (42ms)
		EndReloadAssembly (1076ms)
			LoadAssemblies (116ms)
			RebuildTransferFunctionScriptingTraits (0ms)
			SetupTypeCache (336ms)
			ReleaseScriptCaches (1ms)
			RebuildScriptCaches (44ms)
			SetupLoadedEditorAssemblies (346ms)
				LogAssemblyErrors (0ms)
				InitializePlatformSupportModulesInManaged (5ms)
				SetLoadedEditorAssemblies (0ms)
				RefreshPlugins (1ms)
				BeforeProcessingInitializeOnLoad (67ms)
				ProcessInitializeOnLoadAttributes (259ms)
				ProcessInitializeOnLoadMethodAttributes (5ms)
				AfterProcessingInitializeOnLoad (8ms)
				EditorAssembliesLoaded (0ms)
			ExecutionOrderSort2 (0ms)
			AwakeInstancesAfterBackupRestoration (7ms)
Platform modules already initialized, skipping
Refreshing native plugins compatible for Editor in 0.62 ms, found 3 plugins.
Preloading 0 native plugins for Editor in 0.00 ms.
Unloading 2962 Unused Serialized files (Serialized files now loaded: 0)
System memory in use before: 110.5 MB.
System memory in use after: 110.7 MB.

Unloading 16 unused Assets to reduce memory usage. Loaded Objects now: 3460.
Total: 3.520200 ms (FindLiveObjects: 0.407300 ms CreateObjectMapping: 0.168400 ms MarkObjects: 2.921400 ms  DeleteObjects: 0.022000 ms)

AssetImportParameters requested are different than current active one (requested -> active):
  custom:framework-win-MediaFoundation: 216162199b28c13a410421893ffa2e32 -> 
  custom:video-decoder-ogg-theora: a1e56fd34408186e4bbccfd4996cb3dc -> 
  custom:container-muxer-webm: aa71ff27fc2769a1b78a27578f13a17b -> 
  custom:container-demuxer-webm: 4f35f7cbe854078d1ac9338744f61a02 -> 
  custom:container-demuxer-ogg: 62fdf1f143b41e24485cea50d1cbac27 -> 
  custom:video-encoder-webm-vp8: eb34c28f22e8b96e1ab97ce403110664 -> 
  custom:video-decoder-webm-vp8: 9c59270c3fd7afecdb556c50c9e8de78 -> 
  custom:audio-decoder-ogg-vorbis: bf7c407c2cedff20999df2af8eb42d56 -> 
  custom:audio-encoder-webm-vorbis: bf7c407c2cedff20999df2af8eb42d56 -> 
========================================================================
Received Import Request.
  Time since last request: 230.664593 seconds.
  path: Assets/LightningBolt
  artifactKey: Guid(2c2913889e6028a4ca050c54ca1eb0be) Importer(815301076,1909f56bfc062723c751e8b465ee728b)
Start importing Assets/LightningBolt using Guid(2c2913889e6028a4ca050c54ca1eb0be) Importer(815301076,1909f56bfc062723c751e8b465ee728b)  -> (artifact id: '95e4a69002a427dac587ab8a4774bf92') in 0.011875 seconds 
========================================================================
Received Import Request.
  Time since last request: 0.063317 seconds.
  path: Assets/LightningBolt/LightningBoltMaterialAdditive.mat
  artifactKey: Guid(02d22a64daa120542b4215115693e884) Importer(815301076,1909f56bfc062723c751e8b465ee728b)
Start importing Assets/LightningBolt/LightningBoltMaterialAdditive.mat using Guid(02d22a64daa120542b4215115693e884) Importer(815301076,1909f56bfc062723c751e8b465ee728b)  -> (artifact id: '38a3b2dbec6a7333399e15a36de3fa60') in 0.165892 seconds 
========================================================================
Received Import Request.
  Time since last request: 0.000208 seconds.
  path: Assets/LightningBolt/LightningBoltMaterialAnimatedAdditive.mat
  artifactKey: Guid(b3fa1459de80bc44a9b3e01397db8235) Importer(815301076,1909f56bfc062723c751e8b465ee728b)
Start importing Assets/LightningBolt/LightningBoltMaterialAnimatedAdditive.mat using Guid(b3fa1459de80bc44a9b3e01397db8235) Importer(815301076,1909f56bfc062723c751e8b465ee728b)  -> (artifact id: '9eef00e9c1b7d5b0fce598430fe3597d') in 0.019364 seconds 
========================================================================
Received Import Request.
  Time since last request: 0.000199 seconds.
  path: Assets/LightningBolt/SimpleLightningBoltAnimatedPrefab.prefab
  artifactKey: Guid(a84cb58ef7faa67488076810242453b9) Importer(815301076,1909f56bfc062723c751e8b465ee728b)
Start importing Assets/LightningBolt/SimpleLightningBoltAnimatedPrefab.prefab using Guid(a84cb58ef7faa67488076810242453b9) Importer(815301076,1909f56bfc062723c751e8b465ee728b)  -> (artifact id: 'adac56aa24ab7df6e00f109cbcce3032') in 0.022365 seconds 
========================================================================
Received Import Request.
  Time since last request: 0.000274 seconds.
  path: Assets/LightningBolt/SimpleLightningBoltPrefab.prefab
  artifactKey: Guid(15dec7b07032b2f4aa6f855bfbe120f7) Importer(815301076,1909f56bfc062723c751e8b465ee728b)
Start importing Assets/LightningBolt/SimpleLightningBoltPrefab.prefab using Guid(15dec7b07032b2f4aa6f855bfbe120f7) Importer(815301076,1909f56bfc062723c751e8b465ee728b)  -> (artifact id: '0ee0d00ba235132c2f309d72205197cf') in 0.015402 seconds 
========================================================================
Received Import Request.
  Time since last request: 0.000194 seconds.
  path: Assets/LightningBolt/LightningBoltMaterialAlphaBlend.mat
  artifactKey: Guid(4de36ea0be987c54d965ef5ee0f7b3bc) Importer(815301076,1909f56bfc062723c751e8b465ee728b)
Start importing Assets/LightningBolt/LightningBoltMaterialAlphaBlend.mat using Guid(4de36ea0be987c54d965ef5ee0f7b3bc) Importer(815301076,1909f56bfc062723c751e8b465ee728b)  -> (artifact id: 'c15863d00dcb89056017dc5406a5c7e7') in 0.016055 seconds 
========================================================================
Received Import Request.
  Time since last request: 1.905414 seconds.
  path: Assets/LightningBolt/Textures/LightningBoltTexture.png
  artifactKey: Guid(4749800024df84249a4fa055de4e0b30) Importer(815301076,1909f56bfc062723c751e8b465ee728b)
Start importing Assets/LightningBolt/Textures/LightningBoltTexture.png using Guid(4749800024df84249a4fa055de4e0b30) Importer(815301076,1909f56bfc062723c751e8b465ee728b)  -> (artifact id: '4939b45b8618e73dad5ce6e24c25d441') in 0.062488 seconds 
========================================================================
Received Import Request.
  Time since last request: 2.601435 seconds.
  path: Assets/LightningBolt/Demo
  artifactKey: Guid(284ea0adc5e86de439a863e14c15d2fc) Importer(815301076,1909f56bfc062723c751e8b465ee728b)
Start importing Assets/LightningBolt/Demo using Guid(284ea0adc5e86de439a863e14c15d2fc) Importer(815301076,1909f56bfc062723c751e8b465ee728b)  -> (artifact id: 'da24190e619e265e3581fdd84189d421') in 0.007118 seconds 
========================================================================
Received Import Request.
  Time since last request: 0.826406 seconds.
  path: Assets/LightningBolt/Demo/LightningBoltDemo.unity
  artifactKey: Guid(088c4e7b9d9a1f0449b431247a3a11db) Importer(815301076,1909f56bfc062723c751e8b465ee728b)
Start importing Assets/LightningBolt/Demo/LightningBoltDemo.unity using Guid(088c4e7b9d9a1f0449b431247a3a11db) Importer(815301076,1909f56bfc062723c751e8b465ee728b)  -> (artifact id: '993edfddf4e0d9f888b37e66c7f5b28b') in 0.008629 seconds 
========================================================================
Received Import Request.
  Time since last request: 1.068175 seconds.
  path: Assets/LightningBolt/Demo/LightningBoltDemoObjects.unity
  artifactKey: Guid(fc23bf695c77b52439317d9bad240648) Importer(815301076,1909f56bfc062723c751e8b465ee728b)
Start importing Assets/LightningBolt/Demo/LightningBoltDemoObjects.unity using Guid(fc23bf695c77b52439317d9bad240648) Importer(815301076,1909f56bfc062723c751e8b465ee728b)  -> (artifact id: '15972b464f7148f62d3211078227aed5') in 0.006949 seconds 
========================================================================
Received Import Request.
  Time since last request: 4.903945 seconds.
  path: Assets/LightningBolt/Readme.txt
  artifactKey: Guid(12f6581329d3f194c87ae4c6902b463a) Importer(815301076,1909f56bfc062723c751e8b465ee728b)
Start importing Assets/LightningBolt/Readme.txt using Guid(12f6581329d3f194c87ae4c6902b463a) Importer(815301076,1909f56bfc062723c751e8b465ee728b)  -> (artifact id: '301bd6d3a76780b3967a42cbff78202d') in 0.017232 seconds 
========================================================================
Received Import Request.
  Time since last request: 0.370916 seconds.
  path: Assets/LightningBolt/LightningBoltScript.cs
  artifactKey: Guid(cfb4d413de9f1d541915329635c9f2bc) Importer(815301076,1909f56bfc062723c751e8b465ee728b)
Start importing Assets/LightningBolt/LightningBoltScript.cs using Guid(cfb4d413de9f1d541915329635c9f2bc) Importer(815301076,1909f56bfc062723c751e8b465ee728b)  -> (artifact id: '673d6121fe55954d625a39627eee242d') in 0.011931 seconds 
========================================================================
Received Import Request.
  Time since last request: 4.106979 seconds.
  path: Assets/LightningBolt/Editor
  artifactKey: Guid(6988d6631803c06408bb4cda99528db7) Importer(815301076,1909f56bfc062723c751e8b465ee728b)
Start importing Assets/LightningBolt/Editor using Guid(6988d6631803c06408bb4cda99528db7) Importer(815301076,1909f56bfc062723c751e8b465ee728b)  -> (artifact id: '7bd2170cd1273c5b27e06a4e55425c20') in 0.007560 seconds 
========================================================================
Received Import Request.
  Time since last request: 0.085135 seconds.
  path: Assets/LightningBolt/Editor/LightningBoltLogo.png
  artifactKey: Guid(3f5cccaa9e8a292448e79f8d62a532ed) Importer(815301076,1909f56bfc062723c751e8b465ee728b)
Start importing Assets/LightningBolt/Editor/LightningBoltLogo.png using Guid(3f5cccaa9e8a292448e79f8d62a532ed) Importer(815301076,1909f56bfc062723c751e8b465ee728b)  -> (artifact id: '05dd47ddd84db260793af94050f7da0b') in 0.064566 seconds 
========================================================================
Received Import Request.
  Time since last request: 2.173624 seconds.
  path: Assets/LightningBolt/Editor/LightningBoltEditor.cs
  artifactKey: Guid(afd7da1099b953e4aa50de5a30dd8c50) Importer(815301076,1909f56bfc062723c751e8b465ee728b)
Start importing Assets/LightningBolt/Editor/LightningBoltEditor.cs using Guid(afd7da1099b953e4aa50de5a30dd8c50) Importer(815301076,1909f56bfc062723c751e8b465ee728b)  -> (artifact id: '6e42431e94b260a86e0359f61953a3e6') in 0.006842 seconds 
========================================================================
Received Import Request.
  Time since last request: 52.674075 seconds.
  path: Assets/LightningBolt/Textures/LightningSpriteSheet2.png
  artifactKey: Guid(48ba59c4f0293da46a5a839c125d69d5) Importer(815301076,1909f56bfc062723c751e8b465ee728b)
Start importing Assets/LightningBolt/Textures/LightningSpriteSheet2.png using Guid(48ba59c4f0293da46a5a839c125d69d5) Importer(815301076,1909f56bfc062723c751e8b465ee728b)  -> (artifact id: 'afea4cd70c47aed901029e17d2a6d16f') in 0.017836 seconds 
========================================================================
Received Prepare
Registering precompiled user dll's ...
Registered in 0.005124 seconds.
Begin MonoManager ReloadAssembly
Symbol file LoadedFromMemory doesn't match image C:\Users\Matt\Documents\GitHub\CT6018\Tower Defence\Library\PackageCache\com.unity.visualscripting@1.6.1\Editor\VisualScripting.Core\Dependencies\YamlDotNet\Unity.VisualScripting.YamlDotNet.dll
Symbol file LoadedFromMemory doesn't match image C:\Users\Matt\Documents\GitHub\CT6018\Tower Defence\Library\PackageCache\com.unity.visualscripting@1.6.1\Editor\VisualScripting.Core\Dependencies\DotNetZip\Unity.VisualScripting.IonicZip.dll
Native extension for WindowsStandalone target not found
Refreshing native plugins compatible for Editor in 0.55 ms, found 3 plugins.
Preloading 0 native plugins for Editor in 0.00 ms.
Mono: successfully reloaded assembly
- Completed reload, in  1.246 seconds
Domain Reload Profiling:
	ReloadAssembly (1246ms)
		BeginReloadAssembly (136ms)
			ExecutionOrderSort (0ms)
			DisableScriptedObjects (5ms)
			BackupInstance (0ms)
			ReleaseScriptingObjects (0ms)
			CreateAndSetChildDomain (43ms)
		EndReloadAssembly (1045ms)
			LoadAssemblies (107ms)
			RebuildTransferFunctionScriptingTraits (0ms)
			SetupTypeCache (343ms)
			ReleaseScriptCaches (1ms)
			RebuildScriptCaches (47ms)
			SetupLoadedEditorAssemblies (446ms)
				LogAssemblyErrors (0ms)
				InitializePlatformSupportModulesInManaged (5ms)
				SetLoadedEditorAssemblies (0ms)
				RefreshPlugins (1ms)
				BeforeProcessingInitializeOnLoad (184ms)
				ProcessInitializeOnLoadAttributes (242ms)
				ProcessInitializeOnLoadMethodAttributes (6ms)
				AfterProcessingInitializeOnLoad (7ms)
				EditorAssembliesLoaded (0ms)
			ExecutionOrderSort2 (0ms)
			AwakeInstancesAfterBackupRestoration (15ms)
Platform modules already initialized, skipping
Refreshing native plugins compatible for Editor in 0.69 ms, found 3 plugins.
Preloading 0 native plugins for Editor in 0.00 ms.
Unloading 2965 Unused Serialized files (Serialized files now loaded: 0)
System memory in use before: 113.4 MB.
System memory in use after: 113.6 MB.

Unloading 15 unused Assets to reduce memory usage. Loaded Objects now: 3512.
Total: 3.429300 ms (FindLiveObjects: 0.265800 ms CreateObjectMapping: 0.183900 ms MarkObjects: 2.954800 ms  DeleteObjects: 0.023600 ms)

AssetImportParameters requested are different than current active one (requested -> active):
  custom:framework-win-MediaFoundation: 216162199b28c13a410421893ffa2e32 -> 
  custom:video-decoder-ogg-theora: a1e56fd34408186e4bbccfd4996cb3dc -> 
  custom:container-muxer-webm: aa71ff27fc2769a1b78a27578f13a17b -> 
  custom:container-demuxer-webm: 4f35f7cbe854078d1ac9338744f61a02 -> 
  custom:container-demuxer-ogg: 62fdf1f143b41e24485cea50d1cbac27 -> 
  custom:video-encoder-webm-vp8: eb34c28f22e8b96e1ab97ce403110664 -> 
  custom:video-decoder-webm-vp8: 9c59270c3fd7afecdb556c50c9e8de78 -> 
  custom:audio-decoder-ogg-vorbis: bf7c407c2cedff20999df2af8eb42d56 -> 
  custom:audio-encoder-webm-vorbis: bf7c407c2cedff20999df2af8eb42d56 -> 
========================================================================
Received Import Request.
  Time since last request: 753.674856 seconds.
  path: Assets/Hovl Studio/Procedural fire/Demo scene/Floor3.mat
  artifactKey: Guid(ca6fd35d7de69cb449d560ab9228d502) Importer(815301076,1909f56bfc062723c751e8b465ee728b)
Start importing Assets/Hovl Studio/Procedural fire/Demo scene/Floor3.mat using Guid(ca6fd35d7de69cb449d560ab9228d502) Importer(815301076,1909f56bfc062723c751e8b465ee728b)  -> (artifact id: 'fb876d1d6b38dcc0e3a5f18a2cea2056') in 0.513544 seconds 
========================================================================
Received Prepare
Registering precompiled user dll's ...
Registered in 0.004896 seconds.
Begin MonoManager ReloadAssembly
Symbol file LoadedFromMemory doesn't match image C:\Users\Matt\Documents\GitHub\CT6018\Tower Defence\Library\PackageCache\com.unity.visualscripting@1.6.1\Editor\VisualScripting.Core\Dependencies\YamlDotNet\Unity.VisualScripting.YamlDotNet.dll
Symbol file LoadedFromMemory doesn't match image C:\Users\Matt\Documents\GitHub\CT6018\Tower Defence\Library\PackageCache\com.unity.visualscripting@1.6.1\Editor\VisualScripting.Core\Dependencies\DotNetZip\Unity.VisualScripting.IonicZip.dll
Native extension for WindowsStandalone target not found
Refreshing native plugins compatible for Editor in 0.56 ms, found 3 plugins.
Preloading 0 native plugins for Editor in 0.00 ms.
Mono: successfully reloaded assembly
- Completed reload, in  1.188 seconds
Domain Reload Profiling:
	ReloadAssembly (1188ms)
		BeginReloadAssembly (129ms)
			ExecutionOrderSort (0ms)
			DisableScriptedObjects (5ms)
			BackupInstance (0ms)
			ReleaseScriptingObjects (0ms)
			CreateAndSetChildDomain (41ms)
		EndReloadAssembly (1000ms)
			LoadAssemblies (102ms)
			RebuildTransferFunctionScriptingTraits (0ms)
			SetupTypeCache (333ms)
			ReleaseScriptCaches (1ms)
			RebuildScriptCaches (46ms)
			SetupLoadedEditorAssemblies (425ms)
				LogAssemblyErrors (0ms)
				InitializePlatformSupportModulesInManaged (6ms)
				SetLoadedEditorAssemblies (0ms)
				RefreshPlugins (1ms)
				BeforeProcessingInitializeOnLoad (56ms)
				ProcessInitializeOnLoadAttributes (349ms)
				ProcessInitializeOnLoadMethodAttributes (5ms)
				AfterProcessingInitializeOnLoad (7ms)
				EditorAssembliesLoaded (0ms)
			ExecutionOrderSort2 (0ms)
			AwakeInstancesAfterBackupRestoration (14ms)
Platform modules already initialized, skipping
Refreshing native plugins compatible for Editor in 0.55 ms, found 3 plugins.
Preloading 0 native plugins for Editor in 0.00 ms.
Unloading 2962 Unused Serialized files (Serialized files now loaded: 0)
System memory in use before: 113.3 MB.
System memory in use after: 113.5 MB.

Unloading 15 unused Assets to reduce memory usage. Loaded Objects now: 3515.
Total: 3.604700 ms (FindLiveObjects: 0.289100 ms CreateObjectMapping: 0.156600 ms MarkObjects: 3.140300 ms  DeleteObjects: 0.017400 ms)

AssetImportParameters requested are different than current active one (requested -> active):
  custom:framework-win-MediaFoundation: 216162199b28c13a410421893ffa2e32 -> 
  custom:video-decoder-ogg-theora: a1e56fd34408186e4bbccfd4996cb3dc -> 
  custom:container-muxer-webm: aa71ff27fc2769a1b78a27578f13a17b -> 
  custom:container-demuxer-webm: 4f35f7cbe854078d1ac9338744f61a02 -> 
  custom:container-demuxer-ogg: 62fdf1f143b41e24485cea50d1cbac27 -> 
  custom:video-encoder-webm-vp8: eb34c28f22e8b96e1ab97ce403110664 -> 
  custom:video-decoder-webm-vp8: 9c59270c3fd7afecdb556c50c9e8de78 -> 
  custom:audio-decoder-ogg-vorbis: bf7c407c2cedff20999df2af8eb42d56 -> 
  custom:audio-encoder-webm-vorbis: bf7c407c2cedff20999df2af8eb42d56 -> 
========================================================================
Received Import Request.
  Time since last request: 874.449501 seconds.
  path: ProjectSettings/TagManager.asset
  artifactKey: Guid(00000000000000003000000000000000) Importer(815301076,1909f56bfc062723c751e8b465ee728b)
Start importing ProjectSettings/TagManager.asset using Guid(00000000000000003000000000000000) Importer(815301076,1909f56bfc062723c751e8b465ee728b)  -> (artifact id: '42331d041b374cd5db1aa2b9d877aa76') in 0.018054 seconds 
========================================================================
Received Prepare
Registering precompiled user dll's ...
Registered in 0.005433 seconds.
Begin MonoManager ReloadAssembly
Symbol file LoadedFromMemory doesn't match image C:\Users\Matt\Documents\GitHub\CT6018\Tower Defence\Library\PackageCache\com.unity.visualscripting@1.6.1\Editor\VisualScripting.Core\Dependencies\YamlDotNet\Unity.VisualScripting.YamlDotNet.dll
Symbol file LoadedFromMemory doesn't match image C:\Users\Matt\Documents\GitHub\CT6018\Tower Defence\Library\PackageCache\com.unity.visualscripting@1.6.1\Editor\VisualScripting.Core\Dependencies\DotNetZip\Unity.VisualScripting.IonicZip.dll
Native extension for WindowsStandalone target not found
Refreshing native plugins compatible for Editor in 0.62 ms, found 3 plugins.
Preloading 0 native plugins for Editor in 0.00 ms.
Mono: successfully reloaded assembly
- Completed reload, in  1.145 seconds
Domain Reload Profiling:
	ReloadAssembly (1145ms)
		BeginReloadAssembly (128ms)
			ExecutionOrderSort (0ms)
			DisableScriptedObjects (6ms)
			BackupInstance (0ms)
			ReleaseScriptingObjects (0ms)
			CreateAndSetChildDomain (37ms)
		EndReloadAssembly (956ms)
			LoadAssemblies (98ms)
			RebuildTransferFunctionScriptingTraits (0ms)
			SetupTypeCache (321ms)
			ReleaseScriptCaches (1ms)
			RebuildScriptCaches (45ms)
			SetupLoadedEditorAssemblies (400ms)
				LogAssemblyErrors (0ms)
				InitializePlatformSupportModulesInManaged (5ms)
				SetLoadedEditorAssemblies (0ms)
				RefreshPlugins (1ms)
				BeforeProcessingInitializeOnLoad (55ms)
				ProcessInitializeOnLoadAttributes (327ms)
				ProcessInitializeOnLoadMethodAttributes (5ms)
				AfterProcessingInitializeOnLoad (7ms)
				EditorAssembliesLoaded (0ms)
			ExecutionOrderSort2 (0ms)
			AwakeInstancesAfterBackupRestoration (13ms)
Platform modules already initialized, skipping
Refreshing native plugins compatible for Editor in 0.57 ms, found 3 plugins.
Preloading 0 native plugins for Editor in 0.00 ms.
Unloading 2962 Unused Serialized files (Serialized files now loaded: 0)
System memory in use before: 113.3 MB.
System memory in use after: 113.6 MB.

Unloading 16 unused Assets to reduce memory usage. Loaded Objects now: 3517.
Total: 3.750000 ms (FindLiveObjects: 0.231300 ms CreateObjectMapping: 0.133700 ms MarkObjects: 3.355100 ms  DeleteObjects: 0.028300 ms)

AssetImportParameters requested are different than current active one (requested -> active):
  custom:framework-win-MediaFoundation: 216162199b28c13a410421893ffa2e32 -> 
  custom:video-decoder-ogg-theora: a1e56fd34408186e4bbccfd4996cb3dc -> 
  custom:container-muxer-webm: aa71ff27fc2769a1b78a27578f13a17b -> 
  custom:container-demuxer-webm: 4f35f7cbe854078d1ac9338744f61a02 -> 
  custom:container-demuxer-ogg: 62fdf1f143b41e24485cea50d1cbac27 -> 
  custom:video-encoder-webm-vp8: eb34c28f22e8b96e1ab97ce403110664 -> 
  custom:video-decoder-webm-vp8: 9c59270c3fd7afecdb556c50c9e8de78 -> 
  custom:audio-decoder-ogg-vorbis: bf7c407c2cedff20999df2af8eb42d56 -> 
  custom:audio-encoder-webm-vorbis: bf7c407c2cedff20999df2af8eb42d56 -> 
========================================================================
Received Import Request.
  Time since last request: 336.961435 seconds.
  path: Assets/Prefabs/Electric.prefab
  artifactKey: Guid(249bc049c27244448a9a65172d3fb10a) Importer(815301076,1909f56bfc062723c751e8b465ee728b)
Start importing Assets/Prefabs/Electric.prefab using Guid(249bc049c27244448a9a65172d3fb10a) Importer(815301076,1909f56bfc062723c751e8b465ee728b)  -> (artifact id: 'b850fc0c92225e7fcdf2d47cb30560e2') in 0.060739 seconds 
AssetImportWorkerClient::OnTransportError - code=2 error=End of file
